<?xml version="1.0" encoding="UTF-8"?>
<testsuite name="dev.rubentxu.pipeline.v2.application.UatLocal005ClassTimeoutAndTeardownTest" tests="9" skipped="0" failures="0" errors="0" timestamp="2026-09-13T16:21:18.805Z" hostname="bazzite-rubentxu" time="0.651">
  <properties/>
  <testcase name="TC-004 UatLocal005GitAuthCanaryRoundGateTest declares class-level Timeout 120()" classname="dev.rubentxu.pipeline.v2.application.UatLocal005ClassTimeoutAndTeardownTest" time="0.075"/>
  <testcase name="TC-001 UatLocal005CheckoutGitTest declares class-level Timeout 120()" classname="dev.rubentxu.pipeline.v2.application.UatLocal005ClassTimeoutAndTeardownTest" time="0.06"/>
  <testcase name="TC-006 UatLocal005CorpusUntouchedTest declares class-level Timeout 30()" classname="dev.rubentxu.pipeline.v2.application.UatLocal005ClassTimeoutAndTeardownTest" time="0.06"/>
  <testcase name="TC-007 UatLocal005BannedImportsTest declares class-level Timeout 60()" classname="dev.rubentxu.pipeline.v2.application.UatLocal005ClassTimeoutAndTeardownTest" time="0.062"/>
  <testcase name="TC-005 UatLocal005RegressionGateTest declares class-level Timeout 180()" classname="dev.rubentxu.pipeline.v2.application.UatLocal005ClassTimeoutAndTeardownTest" time="0.066"/>
  <testcase name="TC-002 AfterEach kills surviving child processes(Path)" classname="dev.rubentxu.pipeline.v2.application.UatLocal005ClassTimeoutAndTeardownTest" time="0.124"/>
  <testcase name="TC-003 GitCheckoutExecutorAdversarialTest declares class-level Timeout 60()" classname="dev.rubentxu.pipeline.v2.application.UatLocal005ClassTimeoutAndTeardownTest" time="0.066"/>
  <testcase name="TC-008 UatLocal005RequiresGitOnPathTest declares class-level Timeout 30()" classname="dev.rubentxu.pipeline.v2.application.UatLocal005ClassTimeoutAndTeardownTest" time="0.063"/>
  <testcase name="TC-009 no maxParallelForks in any UatLocal005 test class(Path)" classname="dev.rubentxu.pipeline.v2.application.UatLocal005ClassTimeoutAndTeardownTest" time="0.067"/>
  <system-out><![CDATA[]]></system-out>
  <system-err><![CDATA[]]></system-err>
</testsuite>
