<?xml version="1.0" encoding="UTF-8"?>
<testsuite name="dev.rubentxu.pipeline.v2.events.EventSchemaNoMapStringStringTest" tests="2" skipped="0" failures="0" errors="0" timestamp="2026-09-13T16:21:17.880Z" hostname="bazzite-rubentxu" time="0.069">
  <properties/>
  <testcase name="EVT-CR-006 no MapStringString in event variant classes()" classname="dev.rubentxu.pipeline.v2.events.EventSchemaNoMapStringStringTest" time="0.063"/>
  <testcase name="CR-RD-009 no MapStringString in event-variant DomainEvent classes()" classname="dev.rubentxu.pipeline.v2.events.EventSchemaNoMapStringStringTest" time="0.004"/>
  <system-out><![CDATA[]]></system-out>
  <system-err><![CDATA[]]></system-err>
</testsuite>
