<?xml version="1.0" encoding="UTF-8"?>
<testsuite name="dev.rubentxu.pipeline.v2.application.UatLocal008CredentialsTest" tests="27" skipped="1" failures="2" errors="0" timestamp="2026-09-13T16:21:19.567Z" hostname="bazzite-rubentxu" time="141.306">
  <properties/>
  <testcase name="CR-BD-023 ssh key file wiped after block exit(Path)" classname="dev.rubentxu.pipeline.v2.application.UatLocal008CredentialsTest" time="6.702"/>
  <testcase name="UAT-L8-IMP-001 no experimental script imports in credentials modules()" classname="dev.rubentxu.pipeline.v2.application.UatLocal008CredentialsTest" time="0.071"/>
  <testcase name="CR-BD-018 sshUserPrivateKey binding resolves key file env var(Path)" classname="dev.rubentxu.pipeline.v2.application.UatLocal008CredentialsTest" time="6.646"/>
  <testcase name="CR-BD-021 zip binding resolves extracted directory path env var(Path)" classname="dev.rubentxu.pipeline.v2.application.UatLocal008CredentialsTest" time="6.368"/>
  <testcase name="CR-BD-032 nested withCredentials inner shadows outer binding(Path)" classname="dev.rubentxu.pipeline.v2.application.UatLocal008CredentialsTest" time="7.04"/>
  <testcase name="CR-BD-020 certificate binding resolves keystore path env var(Path)" classname="dev.rubentxu.pipeline.v2.application.UatLocal008CredentialsTest" time="6.984"/>
  <testcase name="UAT-L8-RG-001 simple pipeline completes successfully(Path)" classname="dev.rubentxu.pipeline.v2.application.UatLocal008CredentialsTest" time="6.141"/>
  <testcase name="CR-BD-022 usernameColonPassword binding resolves user_pass env var(Path)" classname="dev.rubentxu.pipeline.v2.application.UatLocal008CredentialsTest" time="6.233"/>
  <testcase name="CR-BD-035 missing credential ID throws(Path)" classname="dev.rubentxu.pipeline.v2.application.UatLocal008CredentialsTest" time="5.964"/>
  <testcase name="CR-BD-031 SshPrivateKey redaction — no private key in events(Path)" classname="dev.rubentxu.pipeline.v2.application.UatLocal008CredentialsTest" time="6.497"/>
  <testcase name="CR-BD-029 SecretText redaction — no secret in events(Path)" classname="dev.rubentxu.pipeline.v2.application.UatLocal008CredentialsTest" time="6.265"/>
  <testcase name="CR-BD-028 CredentialUnbound in finally on success(Path)" classname="dev.rubentxu.pipeline.v2.application.UatLocal008CredentialsTest" time="6.45"/>
  <testcase name="CR-BD-025 certificate keystore wiped after block exit(Path)" classname="dev.rubentxu.pipeline.v2.application.UatLocal008CredentialsTest" time="7.283"/>
  <testcase name="UAT-L8-TC-001 class-level Timeout 120 declared()" classname="dev.rubentxu.pipeline.v2.application.UatLocal008CredentialsTest" time="0.073"/>
  <testcase name="CR-BD-026 CredentialBound before injection(Path)" classname="dev.rubentxu.pipeline.v2.application.UatLocal008CredentialsTest" time="5.977"/>
  <testcase name="CR-BD-034 mismatched credential kind throws(Path)" classname="dev.rubentxu.pipeline.v2.application.UatLocal008CredentialsTest" time="0.001">
    <skipped/>
  </testcase>
  <testcase name="CR-RD-013 echo output captured line by line(Path)" classname="dev.rubentxu.pipeline.v2.application.UatLocal008CredentialsTest" time="5.599"/>
  <testcase name="UAT-L8-CP-001 original 4 corpus files byte-identical to cycle base()" classname="dev.rubentxu.pipeline.v2.application.UatLocal008CredentialsTest" time="0.132">
    <failure message="org.opentest4j.AssertionFailedError: Original corpus file must be byte-identical to base: 06-loop.pipeline.kts ==&gt; expected: &lt;34cb00a76c72add46799d0a3131902f73cb85960bbb0b6679e6248d0b4d591e5&gt; but was: &lt;26cc0fc90d3a56a5ee6cc18f9c4cc03753b6e40dd550024f3b91125ebaacb2f0&gt;" type="org.opentest4j.AssertionFailedError">org.opentest4j.AssertionFailedError: Original corpus file must be byte-identical to base: 06-loop.pipeline.kts ==&gt; expected: &lt;34cb00a76c72add46799d0a3131902f73cb85960bbb0b6679e6248d0b4d591e5&gt; but was: &lt;26cc0fc90d3a56a5ee6cc18f9c4cc03753b6e40dd550024f3b91125ebaacb2f0&gt;
	at app//org.junit.jupiter.api.AssertionFailureBuilder.build(AssertionFailureBuilder.java:151)
	at app//org.junit.jupiter.api.AssertionFailureBuilder.buildAndThrow(AssertionFailureBuilder.java:132)
	at app//org.junit.jupiter.api.AssertEquals.failNotEqual(AssertEquals.java:197)
	at app//org.junit.jupiter.api.AssertEquals.assertEquals(AssertEquals.java:182)
	at app//org.junit.jupiter.api.Assertions.assertEquals(Assertions.java:1156)
	at app//dev.rubentxu.pipeline.v2.application.UatLocal008CredentialsTest.UAT-L8-CP-001 original 4 corpus files byte-identical to cycle base(UatLocal008CredentialsTest.kt:171)
	at java.base@21.0.8/java.lang.reflect.Method.invoke(Method.java:580)
	at java.base@21.0.8/java.util.ArrayList.forEach(ArrayList.java:1596)
	at java.base@21.0.8/java.util.ArrayList.forEach(ArrayList.java:1596)
</failure>
  </testcase>
  <testcase name="CR-BD-030 UsernamePassword redaction — no password in events(Path)" classname="dev.rubentxu.pipeline.v2.application.UatLocal008CredentialsTest" time="6.612"/>
  <testcase name="CR-BD-019 file binding resolves secret file path env var(Path)" classname="dev.rubentxu.pipeline.v2.application.UatLocal008CredentialsTest" time="6.407"/>
  <testcase name="CR-RD-012 StepFinished carries stepName field(Path)" classname="dev.rubentxu.pipeline.v2.application.UatLocal008CredentialsTest" time="5.908"/>
  <testcase name="CR-BD-027 CredentialUsed per use(Path)" classname="dev.rubentxu.pipeline.v2.application.UatLocal008CredentialsTest" time="6.381">
    <failure message="org.opentest4j.AssertionFailedError: Should have at least 2 CredentialUsed events (one per use). Got: 0 ==&gt; expected: &lt;true&gt; but was: &lt;false&gt;" type="org.opentest4j.AssertionFailedError">org.opentest4j.AssertionFailedError: Should have at least 2 CredentialUsed events (one per use). Got: 0 ==&gt; expected: &lt;true&gt; but was: &lt;false&gt;
	at app//org.junit.jupiter.api.AssertionFailureBuilder.build(AssertionFailureBuilder.java:151)
	at app//org.junit.jupiter.api.AssertionFailureBuilder.buildAndThrow(AssertionFailureBuilder.java:132)
	at app//org.junit.jupiter.api.AssertTrue.failNotTrue(AssertTrue.java:63)
	at app//org.junit.jupiter.api.AssertTrue.assertTrue(AssertTrue.java:36)
	at app//org.junit.jupiter.api.Assertions.assertTrue(Assertions.java:214)
	at app//dev.rubentxu.pipeline.v2.application.UatLocal008CredentialsTest.CR-BD-027 CredentialUsed per use(UatLocal008CredentialsTest.kt:846)
	at java.base@21.0.8/java.lang.reflect.Method.invoke(Method.java:580)
	at java.base@21.0.8/java.util.ArrayList.forEach(ArrayList.java:1596)
	at java.base@21.0.8/java.util.ArrayList.forEach(ArrayList.java:1596)
</failure>
  </testcase>
  <testcase name="UAT-L8-CR-BD-017 secretStore plumbing smoke test(Path)" classname="dev.rubentxu.pipeline.v2.application.UatLocal008CredentialsTest" time="6.229"/>
  <testcase name="CR-BD-033 CredentialUnbound in finally even on exception(Path)" classname="dev.rubentxu.pipeline.v2.application.UatLocal008CredentialsTest" time="6.469"/>
  <testcase name="CR-BD-024 secret file wiped after block exit(Path)" classname="dev.rubentxu.pipeline.v2.application.UatLocal008CredentialsTest" time="6.735"/>
  <testcase name="UAT-L8-TC-002 AfterEach kills surviving children(Path)" classname="dev.rubentxu.pipeline.v2.application.UatLocal008CredentialsTest" time="0.138"/>
  <testcase name="CR-RD-008 canary round gate — synthetic secret zero occurrences in output(Path)" classname="dev.rubentxu.pipeline.v2.application.UatLocal008CredentialsTest" time="5.977"/>
  <system-out><![CDATA[]]></system-out>
  <system-err><![CDATA[DEBUG-UAT008-STDOUT: /tmp/uat008-debug/uat008-stdout-32573990409715.json
DEBUG-UAT008-STDOUT: /tmp/uat008-debug/uat008-stdout-32580690628687.json
DEBUG-UAT008-STDOUT: /tmp/uat008-debug/uat008-stdout-32587076203257.json
DEBUG-UAT008-STDOUT: /tmp/uat008-debug/uat008-stdout-32594124049540.json
DEBUG-UAT008-STDOUT: /tmp/uat008-debug/uat008-stdout-32601108453944.json
DEBUG-UAT008-STDOUT: /tmp/uat008-debug/uat008-stdout-32613471694084.json
DEBUG-UAT008-STDOUT: /tmp/uat008-debug/uat008-stdout-32619447170512.json
DEBUG-UAT008-STDOUT: /tmp/uat008-debug/uat008-stdout-32625933439214.json
DEBUG-UAT008-STDOUT: /tmp/uat008-debug/uat008-stdout-32632206767524.json
DEBUG-UAT008-STDOUT: /tmp/uat008-debug/uat008-stdout-32638595174718.json
DEBUG-UAT008-STDOUT: /tmp/uat008-debug/uat008-stdout-32645938072373.json
DEBUG-UAT008-STDOUT: /tmp/uat008-debug/uat008-stdout-32651990606757.json
DEBUG-UAT008-STDOUT: /tmp/uat008-debug/uat008-stdout-32664336885337.json
DEBUG-UAT008-STDOUT: /tmp/uat008-debug/uat008-stdout-32670753496790.json
DEBUG-UAT008-STDOUT: /tmp/uat008-debug/uat008-stdout-32683027276415.json
DEBUG-UAT008-STDOUT: /tmp/uat008-debug/uat008-stdout-32695724669986.json
DEBUG-UAT008-STDOUT: /tmp/uat008-debug/uat008-stdout-32702473539467.json
]]></system-err>
</testsuite>
