<?xml version="1.0" encoding="UTF-8"?>
<testsuite name="dev.rubentxu.pipeline.v2.architecture.S3EchoLegacyRemovedFitnessTest" tests="7" skipped="0" failures="0" errors="0" timestamp="2026-09-13T15:50:37.645Z" hostname="bazzite-rubentxu" time="0.014">
  <properties/>
  <testcase name="core echo satisfies the LEGACY_REMOVED rule (decoder absent AND dispatcher absent AND registration absent)()" classname="dev.rubentxu.pipeline.v2.architecture.S3EchoLegacyRemovedFitnessTest" time="0.003"/>
  <testcase name="certified registry-routed plugins are disjoint from LEGACY_PLUGIN_IDS()" classname="dev.rubentxu.pipeline.v2.architecture.S3EchoLegacyRemovedFitnessTest" time="0.002"/>
  <testcase name="core echo is NOT decodable by CanonicalCoreStepDecoder()" classname="dev.rubentxu.pipeline.v2.architecture.S3EchoLegacyRemovedFitnessTest" time="0.002"/>
  <testcase name="core echo is NOT dispatched by CanonicalNodeDispatcher()" classname="dev.rubentxu.pipeline.v2.architecture.S3EchoLegacyRemovedFitnessTest" time="0.001"/>
  <testcase name="core echo is NOT in the closed legacy authority LEGACY_PLUGIN_IDS()" classname="dev.rubentxu.pipeline.v2.architecture.S3EchoLegacyRemovedFitnessTest" time="0.002"/>
  <testcase name="core echo is NOT in the legacy metadata table()" classname="dev.rubentxu.pipeline.v2.architecture.S3EchoLegacyRemovedFitnessTest" time="0.001"/>
  <testcase name="core echo is registered in the production StepRegistry()" classname="dev.rubentxu.pipeline.v2.architecture.S3EchoLegacyRemovedFitnessTest" time="0.001"/>
  <system-out><![CDATA[]]></system-out>
  <system-err><![CDATA[]]></system-err>
</testsuite>
