<?xml version="1.0" encoding="UTF-8"?>
<testsuite name="dev.rubentxu.pipeline.v2.architecture.S3EmitEventLegacyRemovedFitnessTest" tests="8" skipped="0" failures="0" errors="0" timestamp="2026-09-13T15:50:37.662Z" hostname="bazzite-rubentxu" time="0.056">
  <properties/>
  <testcase name="legacy command subtype and decoder branch are absent()" classname="dev.rubentxu.pipeline.v2.architecture.S3EmitEventLegacyRemovedFitnessTest" time="0.007"/>
  <testcase name="legacy metadata has no core emit event row()" classname="dev.rubentxu.pipeline.v2.architecture.S3EmitEventLegacyRemovedFitnessTest" time="0.001"/>
  <testcase name="core emit event remains registered and structurally registry owned()" classname="dev.rubentxu.pipeline.v2.architecture.S3EmitEventLegacyRemovedFitnessTest" time="0.035"/>
  <testcase name="three residual legacy authorities match the declared burn-down stage snapshot()" classname="dev.rubentxu.pipeline.v2.architecture.S3EmitEventLegacyRemovedFitnessTest" time="0.003"/>
  <testcase name="structural overlay projection still recognizes the raw envelope control kinds()" classname="dev.rubentxu.pipeline.v2.architecture.S3EmitEventLegacyRemovedFitnessTest" time="0.0"/>
  <testcase name="production metadata resolver serves core emit event from the descriptor()" classname="dev.rubentxu.pipeline.v2.architecture.S3EmitEventLegacyRemovedFitnessTest" time="0.002"/>
  <testcase name="legacy dispatcher is absent as file facade field branch and context helper()" classname="dev.rubentxu.pipeline.v2.architecture.S3EmitEventLegacyRemovedFitnessTest" time="0.001"/>
  <testcase name="whitelist authority survives in the registry step()" classname="dev.rubentxu.pipeline.v2.architecture.S3EmitEventLegacyRemovedFitnessTest" time="0.001"/>
  <system-out><![CDATA[]]></system-out>
  <system-err><![CDATA[]]></system-err>
</testsuite>
