<?xml version="1.0" encoding="UTF-8"?>
<testsuite name="dev.rubentxu.pipeline.v2.application.UatLocal009TopStepsTest" tests="13" skipped="0" failures="7" errors="0" timestamp="2026-09-12T21:46:48.850Z" hostname="bazzite-rubentxu" time="73.58">
  <properties/>
  <testcase name="CR-U9-006 withEnv JAVA_HOME carry-forward()" classname="dev.rubentxu.pipeline.v2.application.UatLocal009TopStepsTest" time="5.688"/>
  <testcase name="CR-U9-008 archiveArtifacts sha256 and size in event()" classname="dev.rubentxu.pipeline.v2.application.UatLocal009TopStepsTest" time="5.692">
    <failure message="org.opentest4j.AssertionFailedError: Pipeline should exit 0. stdout: [{&quot;eventId&quot;:&quot;b328c569-95bd-49b1-af99-055d0517b3e7&quot;,&quot;runId&quot;:&quot;b2a7957e-b1a7-45c8-a84e-029fafbc5c40&quot;,&quot;sequence&quot;:1,&quot;kind&quot;:&quot;CompilationStarted&quot;,&quot;occurredAt&quot;:&quot;2026-09-12T21:46:55.115830628Z&quot;},{&quot;eventId&quot;:&quot;baf1295c-b3f4-434a-aa43-6255b3bd6c79&quot;,&quot;runId&quot;:&quot;b2a7957e-b1a7-45c8-a84e-029fafbc5c40&quot;,&quot;sequence&quot;:2,&quot;kind&quot;:&quot;CompilationFinished&quot;,&quot;occurredAt&quot;:&quot;2026-09-12T21:46:59.761873072Z&quot;,&quot;cacheKey&quot;:{&quot;value&quot;:&quot;23a7f06c39929bfdbe6f9dee7688b10da3af0809ded1edb6c44e570738438f1e&quot;,&quot;version&quot;:&quot;v1&quot;},&quot;diagnostics&quot;:[]},{&quot;eventId&quot;:&quot;4efd869d-7f79-4f61-aca0-590b50c1dc1c&quot;,&quot;runId&quot;:&quot;b2a7957e-b1a7-45c8-a84e-029fafbc5c40&quot;,&quot;sequence&quot;:3,&quot;kind&quot;:&quot;RunStarted&quot;,&quot;occurredAt&quot;:&quot;2026-09-12T21:46:59.954831034Z&quot;,&quot;scriptPath&quot;:&quot;/tmp/junit-2498381063350921685/cr-u9-008.pipeline.kts&quot;},{&quot;eventId&quot;:&quot;e73e8762-b9f8-49d2-a847-682bc069d123&quot;,&quot;runId&quot;:&quot;b2a7957e-b1a7-45c8-a84e-029fafbc5c40&quot;,&quot;sequence&quot;:4,&quot;kind&quot;:&quot;StageStarted&quot;,&quot;occurredAt&quot;:&quot;2026-09-12T21:46:59.963078361Z&quot;,&quot;stageIndex&quot;:0,&quot;stageName&quot;:&quot;test&quot;},{&quot;eventId&quot;:&quot;74c5df36-8c69-4d33-a67a-e6188da3c8a0&quot;,&quot;runId&quot;:&quot;b2a7957e-b1a7-45c8-a84e-029fafbc5c40&quot;,&quot;sequence&quot;:5,&quot;kind&quot;:&quot;StepStarted&quot;,&quot;occurredAt&quot;:&quot;2026-09-12T21:47:00.017406916Z&quot;,&quot;stageIndex&quot;:0,&quot;stepIndex&quot;:0,&quot;stepName&quot;:&quot;test/writefile-0&quot;,&quot;stepType&quot;:&quot;file&quot;},{&quot;eventId&quot;:&quot;be41cdb2-3063-4e90-a18a-9c7029c482ca&quot;,&quot;runId&quot;:&quot;b2a7957e-b1a7-45c8-a84e-029fafbc5c40&quot;,&quot;sequence&quot;:6,&quot;kind&quot;:&quot;StepFinished&quot;,&quot;occurredAt&quot;:&quot;2026-09-12T21:47:00.026958959Z&quot;,&quot;stageIndex&quot;:0,&quot;stepIndex&quot;:0,&quot;stepName&quot;:&quot;test/writefile-0&quot;,&quot;stepType&quot;:&quot;file&quot;},{&quot;eventId&quot;:&quot;44943d5c-f8e4-4e50-931b-ce469ff78024&quot;,&quot;runId&quot;:&quot;b2a7957e-b1a7-45c8-a84e-029fafbc5c40&quot;,&quot;sequence&quot;:7,&quot;kind&quot;:&quot;StepStarted&quot;,&quot;occurredAt&quot;:&quot;2026-09-12T21:47:00.038696843Z&quot;,&quot;stageIndex&quot;:0,&quot;stepIndex&quot;:1,&quot;stepName&quot;:&quot;test/archiveartifacts-0&quot;,&quot;stepType&quot;:&quot;archiveArtifacts&quot;},{&quot;eventId&quot;:&quot;91d6e5b3-4d4b-4d93-8865-d52fe32d0e6a&quot;,&quot;runId&quot;:&quot;b2a7957e-b1a7-45c8-a84e-029fafbc5c40&quot;,&quot;sequence&quot;:8,&quot;kind&quot;:&quot;ArtifactArchiveFailed&quot;,&quot;occurredAt&quot;:&quot;2026-09-12T21:47:00.047228195Z&quot;,&quot;reason&quot;:&quot;No files matched glob pattern 'artifact.txt' and allowEmptyArchive is false&quot;},{&quot;eventId&quot;:&quot;02e625ae-0edc-4d11-ac06-40defc94ffb6&quot;,&quot;runId&quot;:&quot;b2a7957e-b1a7-45c8-a84e-029fafbc5c40&quot;,&quot;sequence&quot;:9,&quot;kind&quot;:&quot;StepFailed&quot;,&quot;occurredAt&quot;:&quot;2026-09-12T21:47:00.055550366Z&quot;,&quot;stepIndex&quot;:1,&quot;stepName&quot;:&quot;test/archiveartifacts-0&quot;,&quot;stepType&quot;:&quot;archiveArtifacts&quot;,&quot;failureKind&quot;:&quot;SCRIPT&quot;,&quot;message&quot;:&quot;archiveArtifacts: no files matched 'artifact.txt'&quot;},{&quot;eventId&quot;:&quot;5acc7bc7-fed3-4e34-abc9-9c27c1f8edee&quot;,&quot;runId&quot;:&quot;b2a7957e-b1a7-45c8-a84e-029fafbc5c40&quot;,&quot;sequence&quot;:10,&quot;kind&quot;:&quot;StepFinished&quot;,&quot;occurredAt&quot;:&quot;2026-09-12T21:47:00.058561851Z&quot;,&quot;stageIndex&quot;:0,&quot;stepIndex&quot;:1,&quot;stepName&quot;:&quot;test/archiveartifacts-0&quot;,&quot;stepType&quot;:&quot;archiveArtifacts&quot;},{&quot;eventId&quot;:&quot;a32524c5-f016-4788-8cec-6521d7069e7a&quot;,&quot;runId&quot;:&quot;b2a7957e-b1a7-45c8-a84e-029fafbc5c40&quot;,&quot;sequence&quot;:11,&quot;kind&quot;:&quot;RunFinished&quot;,&quot;occurredAt&quot;:&quot;2026-09-12T21:47:00.062974748Z&quot;,&quot;outcome&quot;:&quot;failure&quot;,&quot;diagnostics&quot;:[]}]&#10;&#10;STDERR:&#10;Discovered external Step plugins: example.uppercase&#10;Pipeline finished with FAILURE&#10; ==&gt; expected: &lt;0&gt; but was: &lt;1&gt;" type="org.opentest4j.AssertionFailedError">org.opentest4j.AssertionFailedError: Pipeline should exit 0. stdout: [{&quot;eventId&quot;:&quot;b328c569-95bd-49b1-af99-055d0517b3e7&quot;,&quot;runId&quot;:&quot;b2a7957e-b1a7-45c8-a84e-029fafbc5c40&quot;,&quot;sequence&quot;:1,&quot;kind&quot;:&quot;CompilationStarted&quot;,&quot;occurredAt&quot;:&quot;2026-09-12T21:46:55.115830628Z&quot;},{&quot;eventId&quot;:&quot;baf1295c-b3f4-434a-aa43-6255b3bd6c79&quot;,&quot;runId&quot;:&quot;b2a7957e-b1a7-45c8-a84e-029fafbc5c40&quot;,&quot;sequence&quot;:2,&quot;kind&quot;:&quot;CompilationFinished&quot;,&quot;occurredAt&quot;:&quot;2026-09-12T21:46:59.761873072Z&quot;,&quot;cacheKey&quot;:{&quot;value&quot;:&quot;23a7f06c39929bfdbe6f9dee7688b10da3af0809ded1edb6c44e570738438f1e&quot;,&quot;version&quot;:&quot;v1&quot;},&quot;diagnostics&quot;:[]},{&quot;eventId&quot;:&quot;4efd869d-7f79-4f61-aca0-590b50c1dc1c&quot;,&quot;runId&quot;:&quot;b2a7957e-b1a7-45c8-a84e-029fafbc5c40&quot;,&quot;sequence&quot;:3,&quot;kind&quot;:&quot;RunStarted&quot;,&quot;occurredAt&quot;:&quot;2026-09-12T21:46:59.954831034Z&quot;,&quot;scriptPath&quot;:&quot;/tmp/junit-2498381063350921685/cr-u9-008.pipeline.kts&quot;},{&quot;eventId&quot;:&quot;e73e8762-b9f8-49d2-a847-682bc069d123&quot;,&quot;runId&quot;:&quot;b2a7957e-b1a7-45c8-a84e-029fafbc5c40&quot;,&quot;sequence&quot;:4,&quot;kind&quot;:&quot;StageStarted&quot;,&quot;occurredAt&quot;:&quot;2026-09-12T21:46:59.963078361Z&quot;,&quot;stageIndex&quot;:0,&quot;stageName&quot;:&quot;test&quot;},{&quot;eventId&quot;:&quot;74c5df36-8c69-4d33-a67a-e6188da3c8a0&quot;,&quot;runId&quot;:&quot;b2a7957e-b1a7-45c8-a84e-029fafbc5c40&quot;,&quot;sequence&quot;:5,&quot;kind&quot;:&quot;StepStarted&quot;,&quot;occurredAt&quot;:&quot;2026-09-12T21:47:00.017406916Z&quot;,&quot;stageIndex&quot;:0,&quot;stepIndex&quot;:0,&quot;stepName&quot;:&quot;test/writefile-0&quot;,&quot;stepType&quot;:&quot;file&quot;},{&quot;eventId&quot;:&quot;be41cdb2-3063-4e90-a18a-9c7029c482ca&quot;,&quot;runId&quot;:&quot;b2a7957e-b1a7-45c8-a84e-029fafbc5c40&quot;,&quot;sequence&quot;:6,&quot;kind&quot;:&quot;StepFinished&quot;,&quot;occurredAt&quot;:&quot;2026-09-12T21:47:00.026958959Z&quot;,&quot;stageIndex&quot;:0,&quot;stepIndex&quot;:0,&quot;stepName&quot;:&quot;test/writefile-0&quot;,&quot;stepType&quot;:&quot;file&quot;},{&quot;eventId&quot;:&quot;44943d5c-f8e4-4e50-931b-ce469ff78024&quot;,&quot;runId&quot;:&quot;b2a7957e-b1a7-45c8-a84e-029fafbc5c40&quot;,&quot;sequence&quot;:7,&quot;kind&quot;:&quot;StepStarted&quot;,&quot;occurredAt&quot;:&quot;2026-09-12T21:47:00.038696843Z&quot;,&quot;stageIndex&quot;:0,&quot;stepIndex&quot;:1,&quot;stepName&quot;:&quot;test/archiveartifacts-0&quot;,&quot;stepType&quot;:&quot;archiveArtifacts&quot;},{&quot;eventId&quot;:&quot;91d6e5b3-4d4b-4d93-8865-d52fe32d0e6a&quot;,&quot;runId&quot;:&quot;b2a7957e-b1a7-45c8-a84e-029fafbc5c40&quot;,&quot;sequence&quot;:8,&quot;kind&quot;:&quot;ArtifactArchiveFailed&quot;,&quot;occurredAt&quot;:&quot;2026-09-12T21:47:00.047228195Z&quot;,&quot;reason&quot;:&quot;No files matched glob pattern 'artifact.txt' and allowEmptyArchive is false&quot;},{&quot;eventId&quot;:&quot;02e625ae-0edc-4d11-ac06-40defc94ffb6&quot;,&quot;runId&quot;:&quot;b2a7957e-b1a7-45c8-a84e-029fafbc5c40&quot;,&quot;sequence&quot;:9,&quot;kind&quot;:&quot;StepFailed&quot;,&quot;occurredAt&quot;:&quot;2026-09-12T21:47:00.055550366Z&quot;,&quot;stepIndex&quot;:1,&quot;stepName&quot;:&quot;test/archiveartifacts-0&quot;,&quot;stepType&quot;:&quot;archiveArtifacts&quot;,&quot;failureKind&quot;:&quot;SCRIPT&quot;,&quot;message&quot;:&quot;archiveArtifacts: no files matched 'artifact.txt'&quot;},{&quot;eventId&quot;:&quot;5acc7bc7-fed3-4e34-abc9-9c27c1f8edee&quot;,&quot;runId&quot;:&quot;b2a7957e-b1a7-45c8-a84e-029fafbc5c40&quot;,&quot;sequence&quot;:10,&quot;kind&quot;:&quot;StepFinished&quot;,&quot;occurredAt&quot;:&quot;2026-09-12T21:47:00.058561851Z&quot;,&quot;stageIndex&quot;:0,&quot;stepIndex&quot;:1,&quot;stepName&quot;:&quot;test/archiveartifacts-0&quot;,&quot;stepType&quot;:&quot;archiveArtifacts&quot;},{&quot;eventId&quot;:&quot;a32524c5-f016-4788-8cec-6521d7069e7a&quot;,&quot;runId&quot;:&quot;b2a7957e-b1a7-45c8-a84e-029fafbc5c40&quot;,&quot;sequence&quot;:11,&quot;kind&quot;:&quot;RunFinished&quot;,&quot;occurredAt&quot;:&quot;2026-09-12T21:47:00.062974748Z&quot;,&quot;outcome&quot;:&quot;failure&quot;,&quot;diagnostics&quot;:[]}]

STDERR:
Discovered external Step plugins: example.uppercase
Pipeline finished with FAILURE
 ==&gt; expected: &lt;0&gt; but was: &lt;1&gt;
	at app//org.junit.jupiter.api.AssertionFailureBuilder.build(AssertionFailureBuilder.java:151)
	at app//org.junit.jupiter.api.AssertionFailureBuilder.buildAndThrow(AssertionFailureBuilder.java:132)
	at app//org.junit.jupiter.api.AssertEquals.failNotEqual(AssertEquals.java:197)
	at app//org.junit.jupiter.api.AssertEquals.assertEquals(AssertEquals.java:150)
	at app//org.junit.jupiter.api.Assertions.assertEquals(Assertions.java:563)
	at app//dev.rubentxu.pipeline.v2.application.UatLocal009TopStepsTest.CR-U9-008 archiveArtifacts sha256 and size in event(UatLocal009TopStepsTest.kt:335)
	at java.base@21.0.8/java.lang.reflect.Method.invoke(Method.java:580)
	at java.base@21.0.8/java.util.ArrayList.forEach(ArrayList.java:1596)
	at java.base@21.0.8/java.util.ArrayList.forEach(ArrayList.java:1596)
</failure>
  </testcase>
  <testcase name="CR-U9-007 withEnv nested writeFile sees override()" classname="dev.rubentxu.pipeline.v2.application.UatLocal009TopStepsTest" time="5.791"/>
  <testcase name="CR-U9-002 fileExists true after writeFile()" classname="dev.rubentxu.pipeline.v2.application.UatLocal009TopStepsTest" time="5.739">
    <failure message="org.opentest4j.AssertionFailedError: Should emit FileWritten event for exists.txt. Events: [CompilationStarted, CompilationFinished, RunStarted, StageStarted, StepStarted, StepFinished, StepStarted, StepFinished, StageFinished, RunFinished] ==&gt; expected: &lt;true&gt; but was: &lt;false&gt;" type="org.opentest4j.AssertionFailedError">org.opentest4j.AssertionFailedError: Should emit FileWritten event for exists.txt. Events: [CompilationStarted, CompilationFinished, RunStarted, StageStarted, StepStarted, StepFinished, StepStarted, StepFinished, StageFinished, RunFinished] ==&gt; expected: &lt;true&gt; but was: &lt;false&gt;
	at app//org.junit.jupiter.api.AssertionFailureBuilder.build(AssertionFailureBuilder.java:151)
	at app//org.junit.jupiter.api.AssertionFailureBuilder.buildAndThrow(AssertionFailureBuilder.java:132)
	at app//org.junit.jupiter.api.AssertTrue.failNotTrue(AssertTrue.java:63)
	at app//org.junit.jupiter.api.AssertTrue.assertTrue(AssertTrue.java:36)
	at app//org.junit.jupiter.api.Assertions.assertTrue(Assertions.java:214)
	at app//dev.rubentxu.pipeline.v2.application.UatLocal009TopStepsTest.CR-U9-002 fileExists true after writeFile(UatLocal009TopStepsTest.kt:174)
	at java.base@21.0.8/java.lang.reflect.Method.invoke(Method.java:580)
	at java.base@21.0.8/java.util.ArrayList.forEach(ArrayList.java:1596)
	at java.base@21.0.8/java.util.ArrayList.forEach(ArrayList.java:1596)
</failure>
  </testcase>
  <testcase name="CR-U9-011 archiveArtifacts AntStyleGlob pattern matches files()" classname="dev.rubentxu.pipeline.v2.application.UatLocal009TopStepsTest" time="5.865">
    <failure message="org.opentest4j.AssertionFailedError: Pipeline should exit 0. stdout: [{&quot;eventId&quot;:&quot;0c2675d1-9f8d-41b9-be07-ab2d44b6a92e&quot;,&quot;runId&quot;:&quot;9e2b4d5a-4818-44dd-896d-6fd94aef5b31&quot;,&quot;sequence&quot;:1,&quot;kind&quot;:&quot;CompilationStarted&quot;,&quot;occurredAt&quot;:&quot;2026-09-12T21:47:12.299552264Z&quot;},{&quot;eventId&quot;:&quot;60b4ef45-0e84-4f08-a7d0-ca3d15a6f054&quot;,&quot;runId&quot;:&quot;9e2b4d5a-4818-44dd-896d-6fd94aef5b31&quot;,&quot;sequence&quot;:2,&quot;kind&quot;:&quot;CompilationFinished&quot;,&quot;occurredAt&quot;:&quot;2026-09-12T21:47:17.165296998Z&quot;,&quot;cacheKey&quot;:{&quot;value&quot;:&quot;f436f2097add2c6fa8d2d2701ed8bd1ca6bb9f617c6ddd29578d05c7f6a3b2bb&quot;,&quot;version&quot;:&quot;v1&quot;},&quot;diagnostics&quot;:[]},{&quot;eventId&quot;:&quot;19801c8f-045a-4484-afc0-83d663940e3a&quot;,&quot;runId&quot;:&quot;9e2b4d5a-4818-44dd-896d-6fd94aef5b31&quot;,&quot;sequence&quot;:3,&quot;kind&quot;:&quot;RunStarted&quot;,&quot;occurredAt&quot;:&quot;2026-09-12T21:47:17.354300308Z&quot;,&quot;scriptPath&quot;:&quot;/tmp/junit-428639181399138927/cr-u9-011.pipeline.kts&quot;},{&quot;eventId&quot;:&quot;ebf6195b-267f-4ecc-bcc9-3e56f56edb7c&quot;,&quot;runId&quot;:&quot;9e2b4d5a-4818-44dd-896d-6fd94aef5b31&quot;,&quot;sequence&quot;:4,&quot;kind&quot;:&quot;StageStarted&quot;,&quot;occurredAt&quot;:&quot;2026-09-12T21:47:17.363559469Z&quot;,&quot;stageIndex&quot;:0,&quot;stageName&quot;:&quot;test&quot;},{&quot;eventId&quot;:&quot;062253ee-4190-4b1b-8d8a-9d7905862460&quot;,&quot;runId&quot;:&quot;9e2b4d5a-4818-44dd-896d-6fd94aef5b31&quot;,&quot;sequence&quot;:5,&quot;kind&quot;:&quot;StepStarted&quot;,&quot;occurredAt&quot;:&quot;2026-09-12T21:47:17.414299879Z&quot;,&quot;stageIndex&quot;:0,&quot;stepIndex&quot;:0,&quot;stepName&quot;:&quot;test/writefile-0&quot;,&quot;stepType&quot;:&quot;file&quot;},{&quot;eventId&quot;:&quot;cb66bc94-1600-4854-996a-c9ab2e009066&quot;,&quot;runId&quot;:&quot;9e2b4d5a-4818-44dd-896d-6fd94aef5b31&quot;,&quot;sequence&quot;:6,&quot;kind&quot;:&quot;StepFinished&quot;,&quot;occurredAt&quot;:&quot;2026-09-12T21:47:17.423160266Z&quot;,&quot;stageIndex&quot;:0,&quot;stepIndex&quot;:0,&quot;stepName&quot;:&quot;test/writefile-0&quot;,&quot;stepType&quot;:&quot;file&quot;},{&quot;eventId&quot;:&quot;8a1ee1bb-bde5-4927-a8f2-ee903237eab1&quot;,&quot;runId&quot;:&quot;9e2b4d5a-4818-44dd-896d-6fd94aef5b31&quot;,&quot;sequence&quot;:7,&quot;kind&quot;:&quot;StepStarted&quot;,&quot;occurredAt&quot;:&quot;2026-09-12T21:47:17.432913132Z&quot;,&quot;stageIndex&quot;:0,&quot;stepIndex&quot;:1,&quot;stepName&quot;:&quot;test/writefile-1&quot;,&quot;stepType&quot;:&quot;file&quot;},{&quot;eventId&quot;:&quot;70372ee0-55a4-41c6-b54a-535c5e3a10f5&quot;,&quot;runId&quot;:&quot;9e2b4d5a-4818-44dd-896d-6fd94aef5b31&quot;,&quot;sequence&quot;:8,&quot;kind&quot;:&quot;StepFinished&quot;,&quot;occurredAt&quot;:&quot;2026-09-12T21:47:17.435339327Z&quot;,&quot;stageIndex&quot;:0,&quot;stepIndex&quot;:1,&quot;stepName&quot;:&quot;test/writefile-1&quot;,&quot;stepType&quot;:&quot;file&quot;},{&quot;eventId&quot;:&quot;aa20eb38-8645-4575-892b-43b89a6d80b0&quot;,&quot;runId&quot;:&quot;9e2b4d5a-4818-44dd-896d-6fd94aef5b31&quot;,&quot;sequence&quot;:9,&quot;kind&quot;:&quot;StepStarted&quot;,&quot;occurredAt&quot;:&quot;2026-09-12T21:47:17.442245720Z&quot;,&quot;stageIndex&quot;:0,&quot;stepIndex&quot;:2,&quot;stepName&quot;:&quot;test/writefile-2&quot;,&quot;stepType&quot;:&quot;file&quot;},{&quot;eventId&quot;:&quot;ff0c31ad-b241-4a6a-b74e-7e24378835b7&quot;,&quot;runId&quot;:&quot;9e2b4d5a-4818-44dd-896d-6fd94aef5b31&quot;,&quot;sequence&quot;:10,&quot;kind&quot;:&quot;StepFinished&quot;,&quot;occurredAt&quot;:&quot;2026-09-12T21:47:17.444571669Z&quot;,&quot;stageIndex&quot;:0,&quot;stepIndex&quot;:2,&quot;stepName&quot;:&quot;test/writefile-2&quot;,&quot;stepType&quot;:&quot;file&quot;},{&quot;eventId&quot;:&quot;ee544f67-bccf-49f0-bd48-b13ea58fcf6d&quot;,&quot;runId&quot;:&quot;9e2b4d5a-4818-44dd-896d-6fd94aef5b31&quot;,&quot;sequence&quot;:11,&quot;kind&quot;:&quot;StepStarted&quot;,&quot;occurredAt&quot;:&quot;2026-09-12T21:47:17.452506308Z&quot;,&quot;stageIndex&quot;:0,&quot;stepIndex&quot;:3,&quot;stepName&quot;:&quot;test/archiveartifacts-0&quot;,&quot;stepType&quot;:&quot;archiveArtifacts&quot;},{&quot;eventId&quot;:&quot;05e2fc28-9e31-407d-970b-daa2c0ed1cb6&quot;,&quot;runId&quot;:&quot;9e2b4d5a-4818-44dd-896d-6fd94aef5b31&quot;,&quot;sequence&quot;:12,&quot;kind&quot;:&quot;ArtifactArchiveFailed&quot;,&quot;occurredAt&quot;:&quot;2026-09-12T21:47:17.460731780Z&quot;,&quot;reason&quot;:&quot;No files matched glob pattern '*.txt' and allowEmptyArchive is false&quot;},{&quot;eventId&quot;:&quot;c1db8b03-4f61-4e7c-9c28-957f3a35a253&quot;,&quot;runId&quot;:&quot;9e2b4d5a-4818-44dd-896d-6fd94aef5b31&quot;,&quot;sequence&quot;:13,&quot;kind&quot;:&quot;StepFailed&quot;,&quot;occurredAt&quot;:&quot;2026-09-12T21:47:17.468206004Z&quot;,&quot;stepIndex&quot;:3,&quot;stepName&quot;:&quot;test/archiveartifacts-0&quot;,&quot;stepType&quot;:&quot;archiveArtifacts&quot;,&quot;failureKind&quot;:&quot;SCRIPT&quot;,&quot;message&quot;:&quot;archiveArtifacts: no files matched '*.txt'&quot;},{&quot;eventId&quot;:&quot;b6dcfc35-bbdc-43a1-a07e-f62ee6825bc2&quot;,&quot;runId&quot;:&quot;9e2b4d5a-4818-44dd-896d-6fd94aef5b31&quot;,&quot;sequence&quot;:14,&quot;kind&quot;:&quot;StepFinished&quot;,&quot;occurredAt&quot;:&quot;2026-09-12T21:47:17.470902171Z&quot;,&quot;stageIndex&quot;:0,&quot;stepIndex&quot;:3,&quot;stepName&quot;:&quot;test/archiveartifacts-0&quot;,&quot;stepType&quot;:&quot;archiveArtifacts&quot;},{&quot;eventId&quot;:&quot;0283ac4b-16e1-4585-80d1-b7b27142e3bc&quot;,&quot;runId&quot;:&quot;9e2b4d5a-4818-44dd-896d-6fd94aef5b31&quot;,&quot;sequence&quot;:15,&quot;kind&quot;:&quot;RunFinished&quot;,&quot;occurredAt&quot;:&quot;2026-09-12T21:47:17.474891262Z&quot;,&quot;outcome&quot;:&quot;failure&quot;,&quot;diagnostics&quot;:[]}]&#10;&#10;STDERR:&#10;Discovered external Step plugins: example.uppercase&#10;Pipeline finished with FAILURE&#10; ==&gt; expected: &lt;0&gt; but was: &lt;1&gt;" type="org.opentest4j.AssertionFailedError">org.opentest4j.AssertionFailedError: Pipeline should exit 0. stdout: [{&quot;eventId&quot;:&quot;0c2675d1-9f8d-41b9-be07-ab2d44b6a92e&quot;,&quot;runId&quot;:&quot;9e2b4d5a-4818-44dd-896d-6fd94aef5b31&quot;,&quot;sequence&quot;:1,&quot;kind&quot;:&quot;CompilationStarted&quot;,&quot;occurredAt&quot;:&quot;2026-09-12T21:47:12.299552264Z&quot;},{&quot;eventId&quot;:&quot;60b4ef45-0e84-4f08-a7d0-ca3d15a6f054&quot;,&quot;runId&quot;:&quot;9e2b4d5a-4818-44dd-896d-6fd94aef5b31&quot;,&quot;sequence&quot;:2,&quot;kind&quot;:&quot;CompilationFinished&quot;,&quot;occurredAt&quot;:&quot;2026-09-12T21:47:17.165296998Z&quot;,&quot;cacheKey&quot;:{&quot;value&quot;:&quot;f436f2097add2c6fa8d2d2701ed8bd1ca6bb9f617c6ddd29578d05c7f6a3b2bb&quot;,&quot;version&quot;:&quot;v1&quot;},&quot;diagnostics&quot;:[]},{&quot;eventId&quot;:&quot;19801c8f-045a-4484-afc0-83d663940e3a&quot;,&quot;runId&quot;:&quot;9e2b4d5a-4818-44dd-896d-6fd94aef5b31&quot;,&quot;sequence&quot;:3,&quot;kind&quot;:&quot;RunStarted&quot;,&quot;occurredAt&quot;:&quot;2026-09-12T21:47:17.354300308Z&quot;,&quot;scriptPath&quot;:&quot;/tmp/junit-428639181399138927/cr-u9-011.pipeline.kts&quot;},{&quot;eventId&quot;:&quot;ebf6195b-267f-4ecc-bcc9-3e56f56edb7c&quot;,&quot;runId&quot;:&quot;9e2b4d5a-4818-44dd-896d-6fd94aef5b31&quot;,&quot;sequence&quot;:4,&quot;kind&quot;:&quot;StageStarted&quot;,&quot;occurredAt&quot;:&quot;2026-09-12T21:47:17.363559469Z&quot;,&quot;stageIndex&quot;:0,&quot;stageName&quot;:&quot;test&quot;},{&quot;eventId&quot;:&quot;062253ee-4190-4b1b-8d8a-9d7905862460&quot;,&quot;runId&quot;:&quot;9e2b4d5a-4818-44dd-896d-6fd94aef5b31&quot;,&quot;sequence&quot;:5,&quot;kind&quot;:&quot;StepStarted&quot;,&quot;occurredAt&quot;:&quot;2026-09-12T21:47:17.414299879Z&quot;,&quot;stageIndex&quot;:0,&quot;stepIndex&quot;:0,&quot;stepName&quot;:&quot;test/writefile-0&quot;,&quot;stepType&quot;:&quot;file&quot;},{&quot;eventId&quot;:&quot;cb66bc94-1600-4854-996a-c9ab2e009066&quot;,&quot;runId&quot;:&quot;9e2b4d5a-4818-44dd-896d-6fd94aef5b31&quot;,&quot;sequence&quot;:6,&quot;kind&quot;:&quot;StepFinished&quot;,&quot;occurredAt&quot;:&quot;2026-09-12T21:47:17.423160266Z&quot;,&quot;stageIndex&quot;:0,&quot;stepIndex&quot;:0,&quot;stepName&quot;:&quot;test/writefile-0&quot;,&quot;stepType&quot;:&quot;file&quot;},{&quot;eventId&quot;:&quot;8a1ee1bb-bde5-4927-a8f2-ee903237eab1&quot;,&quot;runId&quot;:&quot;9e2b4d5a-4818-44dd-896d-6fd94aef5b31&quot;,&quot;sequence&quot;:7,&quot;kind&quot;:&quot;StepStarted&quot;,&quot;occurredAt&quot;:&quot;2026-09-12T21:47:17.432913132Z&quot;,&quot;stageIndex&quot;:0,&quot;stepIndex&quot;:1,&quot;stepName&quot;:&quot;test/writefile-1&quot;,&quot;stepType&quot;:&quot;file&quot;},{&quot;eventId&quot;:&quot;70372ee0-55a4-41c6-b54a-535c5e3a10f5&quot;,&quot;runId&quot;:&quot;9e2b4d5a-4818-44dd-896d-6fd94aef5b31&quot;,&quot;sequence&quot;:8,&quot;kind&quot;:&quot;StepFinished&quot;,&quot;occurredAt&quot;:&quot;2026-09-12T21:47:17.435339327Z&quot;,&quot;stageIndex&quot;:0,&quot;stepIndex&quot;:1,&quot;stepName&quot;:&quot;test/writefile-1&quot;,&quot;stepType&quot;:&quot;file&quot;},{&quot;eventId&quot;:&quot;aa20eb38-8645-4575-892b-43b89a6d80b0&quot;,&quot;runId&quot;:&quot;9e2b4d5a-4818-44dd-896d-6fd94aef5b31&quot;,&quot;sequence&quot;:9,&quot;kind&quot;:&quot;StepStarted&quot;,&quot;occurredAt&quot;:&quot;2026-09-12T21:47:17.442245720Z&quot;,&quot;stageIndex&quot;:0,&quot;stepIndex&quot;:2,&quot;stepName&quot;:&quot;test/writefile-2&quot;,&quot;stepType&quot;:&quot;file&quot;},{&quot;eventId&quot;:&quot;ff0c31ad-b241-4a6a-b74e-7e24378835b7&quot;,&quot;runId&quot;:&quot;9e2b4d5a-4818-44dd-896d-6fd94aef5b31&quot;,&quot;sequence&quot;:10,&quot;kind&quot;:&quot;StepFinished&quot;,&quot;occurredAt&quot;:&quot;2026-09-12T21:47:17.444571669Z&quot;,&quot;stageIndex&quot;:0,&quot;stepIndex&quot;:2,&quot;stepName&quot;:&quot;test/writefile-2&quot;,&quot;stepType&quot;:&quot;file&quot;},{&quot;eventId&quot;:&quot;ee544f67-bccf-49f0-bd48-b13ea58fcf6d&quot;,&quot;runId&quot;:&quot;9e2b4d5a-4818-44dd-896d-6fd94aef5b31&quot;,&quot;sequence&quot;:11,&quot;kind&quot;:&quot;StepStarted&quot;,&quot;occurredAt&quot;:&quot;2026-09-12T21:47:17.452506308Z&quot;,&quot;stageIndex&quot;:0,&quot;stepIndex&quot;:3,&quot;stepName&quot;:&quot;test/archiveartifacts-0&quot;,&quot;stepType&quot;:&quot;archiveArtifacts&quot;},{&quot;eventId&quot;:&quot;05e2fc28-9e31-407d-970b-daa2c0ed1cb6&quot;,&quot;runId&quot;:&quot;9e2b4d5a-4818-44dd-896d-6fd94aef5b31&quot;,&quot;sequence&quot;:12,&quot;kind&quot;:&quot;ArtifactArchiveFailed&quot;,&quot;occurredAt&quot;:&quot;2026-09-12T21:47:17.460731780Z&quot;,&quot;reason&quot;:&quot;No files matched glob pattern '*.txt' and allowEmptyArchive is false&quot;},{&quot;eventId&quot;:&quot;c1db8b03-4f61-4e7c-9c28-957f3a35a253&quot;,&quot;runId&quot;:&quot;9e2b4d5a-4818-44dd-896d-6fd94aef5b31&quot;,&quot;sequence&quot;:13,&quot;kind&quot;:&quot;StepFailed&quot;,&quot;occurredAt&quot;:&quot;2026-09-12T21:47:17.468206004Z&quot;,&quot;stepIndex&quot;:3,&quot;stepName&quot;:&quot;test/archiveartifacts-0&quot;,&quot;stepType&quot;:&quot;archiveArtifacts&quot;,&quot;failureKind&quot;:&quot;SCRIPT&quot;,&quot;message&quot;:&quot;archiveArtifacts: no files matched '*.txt'&quot;},{&quot;eventId&quot;:&quot;b6dcfc35-bbdc-43a1-a07e-f62ee6825bc2&quot;,&quot;runId&quot;:&quot;9e2b4d5a-4818-44dd-896d-6fd94aef5b31&quot;,&quot;sequence&quot;:14,&quot;kind&quot;:&quot;StepFinished&quot;,&quot;occurredAt&quot;:&quot;2026-09-12T21:47:17.470902171Z&quot;,&quot;stageIndex&quot;:0,&quot;stepIndex&quot;:3,&quot;stepName&quot;:&quot;test/archiveartifacts-0&quot;,&quot;stepType&quot;:&quot;archiveArtifacts&quot;},{&quot;eventId&quot;:&quot;0283ac4b-16e1-4585-80d1-b7b27142e3bc&quot;,&quot;runId&quot;:&quot;9e2b4d5a-4818-44dd-896d-6fd94aef5b31&quot;,&quot;sequence&quot;:15,&quot;kind&quot;:&quot;RunFinished&quot;,&quot;occurredAt&quot;:&quot;2026-09-12T21:47:17.474891262Z&quot;,&quot;outcome&quot;:&quot;failure&quot;,&quot;diagnostics&quot;:[]}]

STDERR:
Discovered external Step plugins: example.uppercase
Pipeline finished with FAILURE
 ==&gt; expected: &lt;0&gt; but was: &lt;1&gt;
	at app//org.junit.jupiter.api.AssertionFailureBuilder.build(AssertionFailureBuilder.java:151)
	at app//org.junit.jupiter.api.AssertionFailureBuilder.buildAndThrow(AssertionFailureBuilder.java:132)
	at app//org.junit.jupiter.api.AssertEquals.failNotEqual(AssertEquals.java:197)
	at app//org.junit.jupiter.api.AssertEquals.assertEquals(AssertEquals.java:150)
	at app//org.junit.jupiter.api.Assertions.assertEquals(Assertions.java:563)
	at app//dev.rubentxu.pipeline.v2.application.UatLocal009TopStepsTest.CR-U9-011 archiveArtifacts AntStyleGlob pattern matches files(UatLocal009TopStepsTest.kt:419)
	at java.base@21.0.8/java.lang.reflect.Method.invoke(Method.java:580)
	at java.base@21.0.8/java.util.ArrayList.forEach(ArrayList.java:1596)
	at java.base@21.0.8/java.util.ArrayList.forEach(ArrayList.java:1596)
</failure>
  </testcase>
  <testcase name="CR-U9-001 writeFile readFile round-trip with sha256 event()" classname="dev.rubentxu.pipeline.v2.application.UatLocal009TopStepsTest" time="5.563">
    <failure message="org.opentest4j.AssertionFailedError: Should emit FileWritten event. Events: [CompilationStarted, CompilationFinished, RunStarted, StageStarted, StepStarted, StepFinished, StepStarted, EchoOutputCaptured, StepFinished, StageFinished, RunFinished] ==&gt; expected: &lt;true&gt; but was: &lt;false&gt;" type="org.opentest4j.AssertionFailedError">org.opentest4j.AssertionFailedError: Should emit FileWritten event. Events: [CompilationStarted, CompilationFinished, RunStarted, StageStarted, StepStarted, StepFinished, StepStarted, EchoOutputCaptured, StepFinished, StageFinished, RunFinished] ==&gt; expected: &lt;true&gt; but was: &lt;false&gt;
	at app//org.junit.jupiter.api.AssertionFailureBuilder.build(AssertionFailureBuilder.java:151)
	at app//org.junit.jupiter.api.AssertionFailureBuilder.buildAndThrow(AssertionFailureBuilder.java:132)
	at app//org.junit.jupiter.api.AssertTrue.failNotTrue(AssertTrue.java:63)
	at app//org.junit.jupiter.api.AssertTrue.assertTrue(AssertTrue.java:36)
	at app//org.junit.jupiter.api.Assertions.assertTrue(Assertions.java:214)
	at app//dev.rubentxu.pipeline.v2.application.UatLocal009TopStepsTest.CR-U9-001 writeFile readFile round-trip with sha256 event(UatLocal009TopStepsTest.kt:142)
	at java.base@21.0.8/java.lang.reflect.Method.invoke(Method.java:580)
	at java.base@21.0.8/java.util.ArrayList.forEach(ArrayList.java:1596)
	at java.base@21.0.8/java.util.ArrayList.forEach(ArrayList.java:1596)
</failure>
  </testcase>
  <testcase name="CR-U9-012 cross-step writeFile then archiveArtifacts picks up file()" classname="dev.rubentxu.pipeline.v2.application.UatLocal009TopStepsTest" time="5.738">
    <failure message="org.opentest4j.AssertionFailedError: Pipeline should exit 0. stdout: [{&quot;eventId&quot;:&quot;fdb2f0d3-a672-4f0c-a374-b274cb12ac55&quot;,&quot;runId&quot;:&quot;a74b5223-5e82-420e-9254-bfdf5944f675&quot;,&quot;sequence&quot;:1,&quot;kind&quot;:&quot;CompilationStarted&quot;,&quot;occurredAt&quot;:&quot;2026-09-12T21:47:23.721379139Z&quot;},{&quot;eventId&quot;:&quot;0b9dd4e9-afb3-429e-819f-1b6e9a107fc2&quot;,&quot;runId&quot;:&quot;a74b5223-5e82-420e-9254-bfdf5944f675&quot;,&quot;sequence&quot;:2,&quot;kind&quot;:&quot;CompilationFinished&quot;,&quot;occurredAt&quot;:&quot;2026-09-12T21:47:28.511937283Z&quot;,&quot;cacheKey&quot;:{&quot;value&quot;:&quot;d452af4082f3a76c0515c8b731c932f4d50f720df763ec3a83be5f3b004d3f68&quot;,&quot;version&quot;:&quot;v1&quot;},&quot;diagnostics&quot;:[]},{&quot;eventId&quot;:&quot;4640643a-36c2-4f16-9181-75442004ce7f&quot;,&quot;runId&quot;:&quot;a74b5223-5e82-420e-9254-bfdf5944f675&quot;,&quot;sequence&quot;:3,&quot;kind&quot;:&quot;RunStarted&quot;,&quot;occurredAt&quot;:&quot;2026-09-12T21:47:28.685326121Z&quot;,&quot;scriptPath&quot;:&quot;/tmp/junit-17921640876102205005/cr-u9-012.pipeline.kts&quot;},{&quot;eventId&quot;:&quot;92d97f32-8f12-4640-b3e0-8bbe98be1231&quot;,&quot;runId&quot;:&quot;a74b5223-5e82-420e-9254-bfdf5944f675&quot;,&quot;sequence&quot;:4,&quot;kind&quot;:&quot;StageStarted&quot;,&quot;occurredAt&quot;:&quot;2026-09-12T21:47:28.692982733Z&quot;,&quot;stageIndex&quot;:0,&quot;stageName&quot;:&quot;test&quot;},{&quot;eventId&quot;:&quot;9f10b819-c292-4f1e-b828-4a2ddc059ac2&quot;,&quot;runId&quot;:&quot;a74b5223-5e82-420e-9254-bfdf5944f675&quot;,&quot;sequence&quot;:5,&quot;kind&quot;:&quot;StepStarted&quot;,&quot;occurredAt&quot;:&quot;2026-09-12T21:47:28.742996511Z&quot;,&quot;stageIndex&quot;:0,&quot;stepIndex&quot;:0,&quot;stepName&quot;:&quot;test/writefile-0&quot;,&quot;stepType&quot;:&quot;file&quot;},{&quot;eventId&quot;:&quot;cf3528c2-a174-4429-89d7-a9fa2640f438&quot;,&quot;runId&quot;:&quot;a74b5223-5e82-420e-9254-bfdf5944f675&quot;,&quot;sequence&quot;:6,&quot;kind&quot;:&quot;StepFinished&quot;,&quot;occurredAt&quot;:&quot;2026-09-12T21:47:28.751751593Z&quot;,&quot;stageIndex&quot;:0,&quot;stepIndex&quot;:0,&quot;stepName&quot;:&quot;test/writefile-0&quot;,&quot;stepType&quot;:&quot;file&quot;},{&quot;eventId&quot;:&quot;1d8ff857-f67a-4a6e-8cff-da8037e69f2d&quot;,&quot;runId&quot;:&quot;a74b5223-5e82-420e-9254-bfdf5944f675&quot;,&quot;sequence&quot;:7,&quot;kind&quot;:&quot;StepStarted&quot;,&quot;occurredAt&quot;:&quot;2026-09-12T21:47:28.762094631Z&quot;,&quot;stageIndex&quot;:0,&quot;stepIndex&quot;:1,&quot;stepName&quot;:&quot;test/archiveartifacts-0&quot;,&quot;stepType&quot;:&quot;archiveArtifacts&quot;},{&quot;eventId&quot;:&quot;d45f128e-36e3-4ad8-b63f-57aeb3fab65e&quot;,&quot;runId&quot;:&quot;a74b5223-5e82-420e-9254-bfdf5944f675&quot;,&quot;sequence&quot;:8,&quot;kind&quot;:&quot;ArtifactArchiveFailed&quot;,&quot;occurredAt&quot;:&quot;2026-09-12T21:47:28.769616997Z&quot;,&quot;reason&quot;:&quot;No files matched glob pattern 'picked.txt' and allowEmptyArchive is false&quot;},{&quot;eventId&quot;:&quot;9063939b-94a0-4bf7-aedd-d24c5b74b59c&quot;,&quot;runId&quot;:&quot;a74b5223-5e82-420e-9254-bfdf5944f675&quot;,&quot;sequence&quot;:9,&quot;kind&quot;:&quot;StepFailed&quot;,&quot;occurredAt&quot;:&quot;2026-09-12T21:47:28.776474282Z&quot;,&quot;stepIndex&quot;:1,&quot;stepName&quot;:&quot;test/archiveartifacts-0&quot;,&quot;stepType&quot;:&quot;archiveArtifacts&quot;,&quot;failureKind&quot;:&quot;SCRIPT&quot;,&quot;message&quot;:&quot;archiveArtifacts: no files matched 'picked.txt'&quot;},{&quot;eventId&quot;:&quot;59deb21d-00ad-4ecb-b078-dbcbb7ea359c&quot;,&quot;runId&quot;:&quot;a74b5223-5e82-420e-9254-bfdf5944f675&quot;,&quot;sequence&quot;:10,&quot;kind&quot;:&quot;StepFinished&quot;,&quot;occurredAt&quot;:&quot;2026-09-12T21:47:28.778916224Z&quot;,&quot;stageIndex&quot;:0,&quot;stepIndex&quot;:1,&quot;stepName&quot;:&quot;test/archiveartifacts-0&quot;,&quot;stepType&quot;:&quot;archiveArtifacts&quot;},{&quot;eventId&quot;:&quot;9cbe3b57-59d4-4589-85f3-92ba6e91c27f&quot;,&quot;runId&quot;:&quot;a74b5223-5e82-420e-9254-bfdf5944f675&quot;,&quot;sequence&quot;:11,&quot;kind&quot;:&quot;RunFinished&quot;,&quot;occurredAt&quot;:&quot;2026-09-12T21:47:28.782706443Z&quot;,&quot;outcome&quot;:&quot;failure&quot;,&quot;diagnostics&quot;:[]}]&#10;&#10;STDERR:&#10;Discovered external Step plugins: example.uppercase&#10;Pipeline finished with FAILURE&#10; ==&gt; expected: &lt;0&gt; but was: &lt;1&gt;" type="org.opentest4j.AssertionFailedError">org.opentest4j.AssertionFailedError: Pipeline should exit 0. stdout: [{&quot;eventId&quot;:&quot;fdb2f0d3-a672-4f0c-a374-b274cb12ac55&quot;,&quot;runId&quot;:&quot;a74b5223-5e82-420e-9254-bfdf5944f675&quot;,&quot;sequence&quot;:1,&quot;kind&quot;:&quot;CompilationStarted&quot;,&quot;occurredAt&quot;:&quot;2026-09-12T21:47:23.721379139Z&quot;},{&quot;eventId&quot;:&quot;0b9dd4e9-afb3-429e-819f-1b6e9a107fc2&quot;,&quot;runId&quot;:&quot;a74b5223-5e82-420e-9254-bfdf5944f675&quot;,&quot;sequence&quot;:2,&quot;kind&quot;:&quot;CompilationFinished&quot;,&quot;occurredAt&quot;:&quot;2026-09-12T21:47:28.511937283Z&quot;,&quot;cacheKey&quot;:{&quot;value&quot;:&quot;d452af4082f3a76c0515c8b731c932f4d50f720df763ec3a83be5f3b004d3f68&quot;,&quot;version&quot;:&quot;v1&quot;},&quot;diagnostics&quot;:[]},{&quot;eventId&quot;:&quot;4640643a-36c2-4f16-9181-75442004ce7f&quot;,&quot;runId&quot;:&quot;a74b5223-5e82-420e-9254-bfdf5944f675&quot;,&quot;sequence&quot;:3,&quot;kind&quot;:&quot;RunStarted&quot;,&quot;occurredAt&quot;:&quot;2026-09-12T21:47:28.685326121Z&quot;,&quot;scriptPath&quot;:&quot;/tmp/junit-17921640876102205005/cr-u9-012.pipeline.kts&quot;},{&quot;eventId&quot;:&quot;92d97f32-8f12-4640-b3e0-8bbe98be1231&quot;,&quot;runId&quot;:&quot;a74b5223-5e82-420e-9254-bfdf5944f675&quot;,&quot;sequence&quot;:4,&quot;kind&quot;:&quot;StageStarted&quot;,&quot;occurredAt&quot;:&quot;2026-09-12T21:47:28.692982733Z&quot;,&quot;stageIndex&quot;:0,&quot;stageName&quot;:&quot;test&quot;},{&quot;eventId&quot;:&quot;9f10b819-c292-4f1e-b828-4a2ddc059ac2&quot;,&quot;runId&quot;:&quot;a74b5223-5e82-420e-9254-bfdf5944f675&quot;,&quot;sequence&quot;:5,&quot;kind&quot;:&quot;StepStarted&quot;,&quot;occurredAt&quot;:&quot;2026-09-12T21:47:28.742996511Z&quot;,&quot;stageIndex&quot;:0,&quot;stepIndex&quot;:0,&quot;stepName&quot;:&quot;test/writefile-0&quot;,&quot;stepType&quot;:&quot;file&quot;},{&quot;eventId&quot;:&quot;cf3528c2-a174-4429-89d7-a9fa2640f438&quot;,&quot;runId&quot;:&quot;a74b5223-5e82-420e-9254-bfdf5944f675&quot;,&quot;sequence&quot;:6,&quot;kind&quot;:&quot;StepFinished&quot;,&quot;occurredAt&quot;:&quot;2026-09-12T21:47:28.751751593Z&quot;,&quot;stageIndex&quot;:0,&quot;stepIndex&quot;:0,&quot;stepName&quot;:&quot;test/writefile-0&quot;,&quot;stepType&quot;:&quot;file&quot;},{&quot;eventId&quot;:&quot;1d8ff857-f67a-4a6e-8cff-da8037e69f2d&quot;,&quot;runId&quot;:&quot;a74b5223-5e82-420e-9254-bfdf5944f675&quot;,&quot;sequence&quot;:7,&quot;kind&quot;:&quot;StepStarted&quot;,&quot;occurredAt&quot;:&quot;2026-09-12T21:47:28.762094631Z&quot;,&quot;stageIndex&quot;:0,&quot;stepIndex&quot;:1,&quot;stepName&quot;:&quot;test/archiveartifacts-0&quot;,&quot;stepType&quot;:&quot;archiveArtifacts&quot;},{&quot;eventId&quot;:&quot;d45f128e-36e3-4ad8-b63f-57aeb3fab65e&quot;,&quot;runId&quot;:&quot;a74b5223-5e82-420e-9254-bfdf5944f675&quot;,&quot;sequence&quot;:8,&quot;kind&quot;:&quot;ArtifactArchiveFailed&quot;,&quot;occurredAt&quot;:&quot;2026-09-12T21:47:28.769616997Z&quot;,&quot;reason&quot;:&quot;No files matched glob pattern 'picked.txt' and allowEmptyArchive is false&quot;},{&quot;eventId&quot;:&quot;9063939b-94a0-4bf7-aedd-d24c5b74b59c&quot;,&quot;runId&quot;:&quot;a74b5223-5e82-420e-9254-bfdf5944f675&quot;,&quot;sequence&quot;:9,&quot;kind&quot;:&quot;StepFailed&quot;,&quot;occurredAt&quot;:&quot;2026-09-12T21:47:28.776474282Z&quot;,&quot;stepIndex&quot;:1,&quot;stepName&quot;:&quot;test/archiveartifacts-0&quot;,&quot;stepType&quot;:&quot;archiveArtifacts&quot;,&quot;failureKind&quot;:&quot;SCRIPT&quot;,&quot;message&quot;:&quot;archiveArtifacts: no files matched 'picked.txt'&quot;},{&quot;eventId&quot;:&quot;59deb21d-00ad-4ecb-b078-dbcbb7ea359c&quot;,&quot;runId&quot;:&quot;a74b5223-5e82-420e-9254-bfdf5944f675&quot;,&quot;sequence&quot;:10,&quot;kind&quot;:&quot;StepFinished&quot;,&quot;occurredAt&quot;:&quot;2026-09-12T21:47:28.778916224Z&quot;,&quot;stageIndex&quot;:0,&quot;stepIndex&quot;:1,&quot;stepName&quot;:&quot;test/archiveartifacts-0&quot;,&quot;stepType&quot;:&quot;archiveArtifacts&quot;},{&quot;eventId&quot;:&quot;9cbe3b57-59d4-4589-85f3-92ba6e91c27f&quot;,&quot;runId&quot;:&quot;a74b5223-5e82-420e-9254-bfdf5944f675&quot;,&quot;sequence&quot;:11,&quot;kind&quot;:&quot;RunFinished&quot;,&quot;occurredAt&quot;:&quot;2026-09-12T21:47:28.782706443Z&quot;,&quot;outcome&quot;:&quot;failure&quot;,&quot;diagnostics&quot;:[]}]

STDERR:
Discovered external Step plugins: example.uppercase
Pipeline finished with FAILURE
 ==&gt; expected: &lt;0&gt; but was: &lt;1&gt;
	at app//org.junit.jupiter.api.AssertionFailureBuilder.build(AssertionFailureBuilder.java:151)
	at app//org.junit.jupiter.api.AssertionFailureBuilder.buildAndThrow(AssertionFailureBuilder.java:132)
	at app//org.junit.jupiter.api.AssertEquals.failNotEqual(AssertEquals.java:197)
	at app//org.junit.jupiter.api.AssertEquals.assertEquals(AssertEquals.java:150)
	at app//org.junit.jupiter.api.Assertions.assertEquals(Assertions.java:563)
	at app//dev.rubentxu.pipeline.v2.application.UatLocal009TopStepsTest.CR-U9-012 cross-step writeFile then archiveArtifacts picks up file(UatLocal009TopStepsTest.kt:448)
	at java.base@21.0.8/java.lang.reflect.Method.invoke(Method.java:580)
	at java.base@21.0.8/java.util.ArrayList.forEach(ArrayList.java:1596)
	at java.base@21.0.8/java.util.ArrayList.forEach(ArrayList.java:1596)
</failure>
  </testcase>
  <testcase name="CR-U9-009 archiveArtifacts empty fails when allowEmptyArchive false()" classname="dev.rubentxu.pipeline.v2.application.UatLocal009TopStepsTest" time="5.436"/>
  <testcase name="CR-U9-010 archiveArtifacts empty passes when allowEmptyArchive true()" classname="dev.rubentxu.pipeline.v2.application.UatLocal009TopStepsTest" time="5.97"/>
  <testcase name="CR-RD-022 artefact canary zero occurrences in output()" classname="dev.rubentxu.pipeline.v2.application.UatLocal009TopStepsTest" time="5.282"/>
  <testcase name="CR-U9-004 writeFile cross-fs fallback documented in atomicallyMoved()" classname="dev.rubentxu.pipeline.v2.application.UatLocal009TopStepsTest" time="5.563">
    <failure message="org.opentest4j.AssertionFailedError: Should emit FileWritten event ==&gt; expected: &lt;true&gt; but was: &lt;false&gt;" type="org.opentest4j.AssertionFailedError">org.opentest4j.AssertionFailedError: Should emit FileWritten event ==&gt; expected: &lt;true&gt; but was: &lt;false&gt;
	at app//org.junit.jupiter.api.AssertionFailureBuilder.build(AssertionFailureBuilder.java:151)
	at app//org.junit.jupiter.api.AssertionFailureBuilder.buildAndThrow(AssertionFailureBuilder.java:132)
	at app//org.junit.jupiter.api.AssertTrue.failNotTrue(AssertTrue.java:63)
	at app//org.junit.jupiter.api.AssertTrue.assertTrue(AssertTrue.java:36)
	at app//org.junit.jupiter.api.Assertions.assertTrue(Assertions.java:214)
	at app//dev.rubentxu.pipeline.v2.application.UatLocal009TopStepsTest.CR-U9-004 writeFile cross-fs fallback documented in atomicallyMoved(UatLocal009TopStepsTest.kt:229)
	at java.base@21.0.8/java.lang.reflect.Method.invoke(Method.java:580)
	at java.base@21.0.8/java.util.ArrayList.forEach(ArrayList.java:1596)
	at java.base@21.0.8/java.util.ArrayList.forEach(ArrayList.java:1596)
</failure>
  </testcase>
  <testcase name="CR-U9-003 writeFile atomic write succeeds()" classname="dev.rubentxu.pipeline.v2.application.UatLocal009TopStepsTest" time="5.785">
    <failure message="org.opentest4j.AssertionFailedError: Should emit FileWritten event ==&gt; expected: &lt;true&gt; but was: &lt;false&gt;" type="org.opentest4j.AssertionFailedError">org.opentest4j.AssertionFailedError: Should emit FileWritten event ==&gt; expected: &lt;true&gt; but was: &lt;false&gt;
	at app//org.junit.jupiter.api.AssertionFailureBuilder.build(AssertionFailureBuilder.java:151)
	at app//org.junit.jupiter.api.AssertionFailureBuilder.buildAndThrow(AssertionFailureBuilder.java:132)
	at app//org.junit.jupiter.api.AssertTrue.failNotTrue(AssertTrue.java:63)
	at app//org.junit.jupiter.api.AssertTrue.assertTrue(AssertTrue.java:36)
	at app//org.junit.jupiter.api.Assertions.assertTrue(Assertions.java:214)
	at app//dev.rubentxu.pipeline.v2.application.UatLocal009TopStepsTest.CR-U9-003 writeFile atomic write succeeds(UatLocal009TopStepsTest.kt:201)
	at java.base@21.0.8/java.lang.reflect.Method.invoke(Method.java:580)
	at java.base@21.0.8/java.util.ArrayList.forEach(ArrayList.java:1596)
	at java.base@21.0.8/java.util.ArrayList.forEach(ArrayList.java:1596)
</failure>
  </testcase>
  <testcase name="CR-U9-005 withEnv PATH+ prepend order()" classname="dev.rubentxu.pipeline.v2.application.UatLocal009TopStepsTest" time="5.464"/>
  <system-out><![CDATA[]]></system-out>
  <system-err><![CDATA[]]></system-err>
</testsuite>
