<?xml version="1.0" encoding="UTF-8"?>
<testsuite name="dev.rubentxu.pipeline.v2.application.UatLocal005BannedImportsTest" tests="2" skipped="0" failures="0" errors="0" timestamp="2026-09-13T16:21:59.441Z" hostname="bazzite-rubentxu" time="0.215">
  <properties/>
  <testcase name="IMP-002 no hardcoded git binary paths in v2 main source(Path)" classname="dev.rubentxu.pipeline.v2.application.UatLocal005BannedImportsTest" time="0.169"/>
  <testcase name="IMP-001 no jgit imports in v2 main source(Path)" classname="dev.rubentxu.pipeline.v2.application.UatLocal005BannedImportsTest" time="0.043"/>
  <system-out><![CDATA[]]></system-out>
  <system-err><![CDATA[]]></system-err>
</testsuite>
