<?xml version="1.0" encoding="UTF-8"?>
<testsuite name="dev.rubentxu.pipeline.v2.scripting.UatComp003CredentialsDefaultImportTest" tests="2" skipped="0" failures="0" errors="0" timestamp="2026-09-13T16:25:02.182Z" hostname="bazzite-rubentxu" time="5.361">
  <properties/>
  <testcase name="default-import resolves CredentialsId()" classname="dev.rubentxu.pipeline.v2.scripting.UatComp003CredentialsDefaultImportTest" time="4.482"/>
  <testcase name="default-import resolves CredentialsId + CredentialsRef pair with stable cacheKey()" classname="dev.rubentxu.pipeline.v2.scripting.UatComp003CredentialsDefaultImportTest" time="0.878"/>
  <system-out><![CDATA[]]></system-out>
  <system-err><![CDATA[]]></system-err>
</testsuite>
