<?xml version="1.0" encoding="UTF-8"?>
<testsuite name="dev.rubentxu.pipeline.v2.application.UatLocal008CredentialsTest" tests="27" skipped="1" failures="2" errors="0" timestamp="2026-09-13T16:22:00.510Z" hostname="bazzite-rubentxu" time="136.774">
  <properties/>
  <testcase name="CR-BD-023 ssh key file wiped after block exit(Path)" classname="dev.rubentxu.pipeline.v2.application.UatLocal008CredentialsTest" time="6.584"/>
  <testcase name="UAT-L8-IMP-001 no experimental script imports in credentials modules()" classname="dev.rubentxu.pipeline.v2.application.UatLocal008CredentialsTest" time="0.073"/>
  <testcase name="CR-BD-018 sshUserPrivateKey binding resolves key file env var(Path)" classname="dev.rubentxu.pipeline.v2.application.UatLocal008CredentialsTest" time="6.463"/>
  <testcase name="CR-BD-021 zip binding resolves extracted directory path env var(Path)" classname="dev.rubentxu.pipeline.v2.application.UatLocal008CredentialsTest" time="6.378"/>
  <testcase name="CR-BD-032 nested withCredentials inner shadows outer binding(Path)" classname="dev.rubentxu.pipeline.v2.application.UatLocal008CredentialsTest" time="6.709"/>
  <testcase name="CR-BD-020 certificate binding resolves keystore path env var(Path)" classname="dev.rubentxu.pipeline.v2.application.UatLocal008CredentialsTest" time="6.78"/>
  <testcase name="UAT-L8-RG-001 simple pipeline completes successfully(Path)" classname="dev.rubentxu.pipeline.v2.application.UatLocal008CredentialsTest" time="5.811"/>
  <testcase name="CR-BD-022 usernameColonPassword binding resolves user_pass env var(Path)" classname="dev.rubentxu.pipeline.v2.application.UatLocal008CredentialsTest" time="6.617"/>
  <testcase name="CR-BD-035 missing credential ID throws(Path)" classname="dev.rubentxu.pipeline.v2.application.UatLocal008CredentialsTest" time="5.859"/>
  <testcase name="CR-BD-031 SshPrivateKey redaction — no private key in events(Path)" classname="dev.rubentxu.pipeline.v2.application.UatLocal008CredentialsTest" time="6.567"/>
  <testcase name="CR-BD-029 SecretText redaction — no secret in events(Path)" classname="dev.rubentxu.pipeline.v2.application.UatLocal008CredentialsTest" time="6.333"/>
  <testcase name="CR-BD-028 CredentialUnbound in finally on success(Path)" classname="dev.rubentxu.pipeline.v2.application.UatLocal008CredentialsTest" time="6.374"/>
  <testcase name="CR-BD-025 certificate keystore wiped after block exit(Path)" classname="dev.rubentxu.pipeline.v2.application.UatLocal008CredentialsTest" time="6.832"/>
  <testcase name="UAT-L8-TC-001 class-level Timeout 120 declared()" classname="dev.rubentxu.pipeline.v2.application.UatLocal008CredentialsTest" time="0.073"/>
  <testcase name="CR-BD-026 CredentialBound before injection(Path)" classname="dev.rubentxu.pipeline.v2.application.UatLocal008CredentialsTest" time="5.972"/>
  <testcase name="CR-BD-034 mismatched credential kind throws(Path)" classname="dev.rubentxu.pipeline.v2.application.UatLocal008CredentialsTest" time="0.001">
    <skipped/>
  </testcase>
  <testcase name="CR-RD-013 echo output captured line by line(Path)" classname="dev.rubentxu.pipeline.v2.application.UatLocal008CredentialsTest" time="5.509"/>
  <testcase name="UAT-L8-CP-001 original 4 corpus files byte-identical to cycle base()" classname="dev.rubentxu.pipeline.v2.application.UatLocal008CredentialsTest" time="0.126">
    <failure message="org.opentest4j.AssertionFailedError: Original corpus file must be byte-identical to base: 06-loop.pipeline.kts ==&gt; expected: &lt;34cb00a76c72add46799d0a3131902f73cb85960bbb0b6679e6248d0b4d591e5&gt; but was: &lt;26cc0fc90d3a56a5ee6cc18f9c4cc03753b6e40dd550024f3b91125ebaacb2f0&gt;" type="org.opentest4j.AssertionFailedError">org.opentest4j.AssertionFailedError: Original corpus file must be byte-identical to base: 06-loop.pipeline.kts ==&gt; expected: &lt;34cb00a76c72add46799d0a3131902f73cb85960bbb0b6679e6248d0b4d591e5&gt; but was: &lt;26cc0fc90d3a56a5ee6cc18f9c4cc03753b6e40dd550024f3b91125ebaacb2f0&gt;
	at app//org.junit.jupiter.api.AssertionFailureBuilder.build(AssertionFailureBuilder.java:151)
	at app//org.junit.jupiter.api.AssertionFailureBuilder.buildAndThrow(AssertionFailureBuilder.java:132)
	at app//org.junit.jupiter.api.AssertEquals.failNotEqual(AssertEquals.java:197)
	at app//org.junit.jupiter.api.AssertEquals.assertEquals(AssertEquals.java:182)
	at app//org.junit.jupiter.api.Assertions.assertEquals(Assertions.java:1156)
	at app//dev.rubentxu.pipeline.v2.application.UatLocal008CredentialsTest.UAT-L8-CP-001 original 4 corpus files byte-identical to cycle base(UatLocal008CredentialsTest.kt:171)
	at java.base@21.0.8/java.lang.reflect.Method.invoke(Method.java:580)
	at java.base@21.0.8/java.util.ArrayList.forEach(ArrayList.java:1596)
	at java.base@21.0.8/java.util.ArrayList.forEach(ArrayList.java:1596)
</failure>
  </testcase>
  <testcase name="CR-BD-030 UsernamePassword redaction — no password in events(Path)" classname="dev.rubentxu.pipeline.v2.application.UatLocal008CredentialsTest" time="6.187"/>
  <testcase name="CR-BD-019 file binding resolves secret file path env var(Path)" classname="dev.rubentxu.pipeline.v2.application.UatLocal008CredentialsTest" time="6.355"/>
  <testcase name="CR-RD-012 StepFinished carries stepName field(Path)" classname="dev.rubentxu.pipeline.v2.application.UatLocal008CredentialsTest" time="5.578"/>
  <testcase name="CR-BD-027 CredentialUsed per use(Path)" classname="dev.rubentxu.pipeline.v2.application.UatLocal008CredentialsTest" time="6.298">
    <failure message="org.opentest4j.AssertionFailedError: Should have at least 2 CredentialUsed events (one per use). Got: 0 ==&gt; expected: &lt;true&gt; but was: &lt;false&gt;" type="org.opentest4j.AssertionFailedError">org.opentest4j.AssertionFailedError: Should have at least 2 CredentialUsed events (one per use). Got: 0 ==&gt; expected: &lt;true&gt; but was: &lt;false&gt;
	at app//org.junit.jupiter.api.AssertionFailureBuilder.build(AssertionFailureBuilder.java:151)
	at app//org.junit.jupiter.api.AssertionFailureBuilder.buildAndThrow(AssertionFailureBuilder.java:132)
	at app//org.junit.jupiter.api.AssertTrue.failNotTrue(AssertTrue.java:63)
	at app//org.junit.jupiter.api.AssertTrue.assertTrue(AssertTrue.java:36)
	at app//org.junit.jupiter.api.Assertions.assertTrue(Assertions.java:214)
	at app//dev.rubentxu.pipeline.v2.application.UatLocal008CredentialsTest.CR-BD-027 CredentialUsed per use(UatLocal008CredentialsTest.kt:846)
	at java.base@21.0.8/java.lang.reflect.Method.invoke(Method.java:580)
	at java.base@21.0.8/java.util.ArrayList.forEach(ArrayList.java:1596)
	at java.base@21.0.8/java.util.ArrayList.forEach(ArrayList.java:1596)
</failure>
  </testcase>
  <testcase name="UAT-L8-CR-BD-017 secretStore plumbing smoke test(Path)" classname="dev.rubentxu.pipeline.v2.application.UatLocal008CredentialsTest" time="5.408"/>
  <testcase name="CR-BD-033 CredentialUnbound in finally even on exception(Path)" classname="dev.rubentxu.pipeline.v2.application.UatLocal008CredentialsTest" time="6.116"/>
  <testcase name="CR-BD-024 secret file wiped after block exit(Path)" classname="dev.rubentxu.pipeline.v2.application.UatLocal008CredentialsTest" time="6.091"/>
  <testcase name="UAT-L8-TC-002 AfterEach kills surviving children(Path)" classname="dev.rubentxu.pipeline.v2.application.UatLocal008CredentialsTest" time="0.135"/>
  <testcase name="CR-RD-008 canary round gate — synthetic secret zero occurrences in output(Path)" classname="dev.rubentxu.pipeline.v2.application.UatLocal008CredentialsTest" time="5.522"/>
  <system-out><![CDATA[]]></system-out>
  <system-err><![CDATA[DEBUG-UAT008-STDOUT: /tmp/uat008-debug/uat008-stdout-32614816325413.json
DEBUG-UAT008-STDOUT: /tmp/uat008-debug/uat008-stdout-32621338874928.json
DEBUG-UAT008-STDOUT: /tmp/uat008-debug/uat008-stdout-32627729028094.json
DEBUG-UAT008-STDOUT: /tmp/uat008-debug/uat008-stdout-32634437699956.json
DEBUG-UAT008-STDOUT: /tmp/uat008-debug/uat008-stdout-32641219256758.json
DEBUG-UAT008-STDOUT: /tmp/uat008-debug/uat008-stdout-32653641495434.json
DEBUG-UAT008-STDOUT: /tmp/uat008-debug/uat008-stdout-32659513246716.json
DEBUG-UAT008-STDOUT: /tmp/uat008-debug/uat008-stdout-32666072416267.json
DEBUG-UAT008-STDOUT: /tmp/uat008-debug/uat008-stdout-32672406722787.json
DEBUG-UAT008-STDOUT: /tmp/uat008-debug/uat008-stdout-32678740735225.json
DEBUG-UAT008-STDOUT: /tmp/uat008-debug/uat008-stdout-32685613721627.json
DEBUG-UAT008-STDOUT: /tmp/uat008-debug/uat008-stdout-32691668632373.json
DEBUG-UAT008-STDOUT: /tmp/uat008-debug/uat008-stdout-32703496796833.json
DEBUG-UAT008-STDOUT: /tmp/uat008-debug/uat008-stdout-32709850859582.json
DEBUG-UAT008-STDOUT: /tmp/uat008-debug/uat008-stdout-32721724968942.json
DEBUG-UAT008-STDOUT: /tmp/uat008-debug/uat008-stdout-32733251545140.json
DEBUG-UAT008-STDOUT: /tmp/uat008-debug/uat008-stdout-32739343448296.json
]]></system-err>
</testsuite>
