<?xml version="1.0" encoding="UTF-8"?>
<testsuite name="dev.rubentxu.pipeline.v2.scripting.WithCredentialsCompileIntegrationTest" tests="6" skipped="0" failures="4" errors="0" timestamp="2026-09-13T16:25:07.548Z" hostname="bazzite-rubentxu" time="1.508">
  <properties/>
  <testcase name="IT-005 different script texts produce different cache keys()" classname="dev.rubentxu.pipeline.v2.scripting.WithCredentialsCompileIntegrationTest" time="0.486"/>
  <testcase name="IT-006 zip factory binding compiles successfully()" classname="dev.rubentxu.pipeline.v2.scripting.WithCredentialsCompileIntegrationTest" time="0.3">
    <failure message="org.opentest4j.AssertionFailedError: Compilation should succeed. Diagnostics: [ScriptingDiagnostic(severity=ERROR, message=Unresolved reference 'withCredentials'., line=1, column=3, path=&lt;inline&gt;), ScriptingDiagnostic(severity=ERROR, message=Too many arguments for 'fun zip(credentialsId: String, variable: String): StepSpec.CredentialsBinding'., line=1, column=80, path=&lt;inline&gt;), ScriptingDiagnostic(severity=ERROR, message=Unresolved reference 'sh'., line=1, column=99, path=&lt;inline&gt;)] ==&gt; expected: &lt;true&gt; but was: &lt;false&gt;" type="org.opentest4j.AssertionFailedError">org.opentest4j.AssertionFailedError: Compilation should succeed. Diagnostics: [ScriptingDiagnostic(severity=ERROR, message=Unresolved reference 'withCredentials'., line=1, column=3, path=&lt;inline&gt;), ScriptingDiagnostic(severity=ERROR, message=Too many arguments for 'fun zip(credentialsId: String, variable: String): StepSpec.CredentialsBinding'., line=1, column=80, path=&lt;inline&gt;), ScriptingDiagnostic(severity=ERROR, message=Unresolved reference 'sh'., line=1, column=99, path=&lt;inline&gt;)] ==&gt; expected: &lt;true&gt; but was: &lt;false&gt;
	at app//org.junit.jupiter.api.AssertionFailureBuilder.build(AssertionFailureBuilder.java:151)
	at app//org.junit.jupiter.api.AssertionFailureBuilder.buildAndThrow(AssertionFailureBuilder.java:132)
	at app//org.junit.jupiter.api.AssertTrue.failNotTrue(AssertTrue.java:63)
	at app//org.junit.jupiter.api.AssertTrue.assertTrue(AssertTrue.java:36)
	at app//org.junit.jupiter.api.Assertions.assertTrue(Assertions.java:214)
	at app//dev.rubentxu.pipeline.v2.scripting.WithCredentialsCompileIntegrationTest.IT-006 zip factory binding compiles successfully(WithCredentialsCompileIntegrationTest.kt:182)
	at java.base@21.0.8/java.lang.reflect.Method.invoke(Method.java:580)
	at java.base@21.0.8/java.util.ArrayList.forEach(ArrayList.java:1596)
	at java.base@21.0.8/java.util.ArrayList.forEach(ArrayList.java:1596)
</failure>
  </testcase>
  <testcase name="IT-003 mixed file and credential bindings compile successfully()" classname="dev.rubentxu.pipeline.v2.scripting.WithCredentialsCompileIntegrationTest" time="0.184">
    <failure message="org.opentest4j.AssertionFailedError: Compilation should succeed. Diagnostics: [ScriptingDiagnostic(severity=ERROR, message=Unresolved reference 'withCredentials'., line=1, column=3, path=&lt;inline&gt;), ScriptingDiagnostic(severity=ERROR, message=Unresolved reference 'sh'., line=1, column=222, path=&lt;inline&gt;)] ==&gt; expected: &lt;true&gt; but was: &lt;false&gt;" type="org.opentest4j.AssertionFailedError">org.opentest4j.AssertionFailedError: Compilation should succeed. Diagnostics: [ScriptingDiagnostic(severity=ERROR, message=Unresolved reference 'withCredentials'., line=1, column=3, path=&lt;inline&gt;), ScriptingDiagnostic(severity=ERROR, message=Unresolved reference 'sh'., line=1, column=222, path=&lt;inline&gt;)] ==&gt; expected: &lt;true&gt; but was: &lt;false&gt;
	at app//org.junit.jupiter.api.AssertionFailureBuilder.build(AssertionFailureBuilder.java:151)
	at app//org.junit.jupiter.api.AssertionFailureBuilder.buildAndThrow(AssertionFailureBuilder.java:132)
	at app//org.junit.jupiter.api.AssertTrue.failNotTrue(AssertTrue.java:63)
	at app//org.junit.jupiter.api.AssertTrue.assertTrue(AssertTrue.java:36)
	at app//org.junit.jupiter.api.Assertions.assertTrue(Assertions.java:214)
	at app//dev.rubentxu.pipeline.v2.scripting.WithCredentialsCompileIntegrationTest.IT-003 mixed file and credential bindings compile successfully(WithCredentialsCompileIntegrationTest.kt:109)
	at java.base@21.0.8/java.lang.reflect.Method.invoke(Method.java:580)
	at java.base@21.0.8/java.util.ArrayList.forEach(ArrayList.java:1596)
	at java.base@21.0.8/java.util.ArrayList.forEach(ArrayList.java:1596)
</failure>
  </testcase>
  <testcase name="IT-002 multiple bindings in single withCredentials compile successfully()" classname="dev.rubentxu.pipeline.v2.scripting.WithCredentialsCompileIntegrationTest" time="0.132">
    <failure message="org.opentest4j.AssertionFailedError: Compilation should succeed. Diagnostics: [ScriptingDiagnostic(severity=ERROR, message=Unresolved reference 'withCredentials'., line=1, column=3, path=&lt;inline&gt;), ScriptingDiagnostic(severity=ERROR, message=Unresolved reference 'sh'., line=1, column=150, path=&lt;inline&gt;)] ==&gt; expected: &lt;true&gt; but was: &lt;false&gt;" type="org.opentest4j.AssertionFailedError">org.opentest4j.AssertionFailedError: Compilation should succeed. Diagnostics: [ScriptingDiagnostic(severity=ERROR, message=Unresolved reference 'withCredentials'., line=1, column=3, path=&lt;inline&gt;), ScriptingDiagnostic(severity=ERROR, message=Unresolved reference 'sh'., line=1, column=150, path=&lt;inline&gt;)] ==&gt; expected: &lt;true&gt; but was: &lt;false&gt;
	at app//org.junit.jupiter.api.AssertionFailureBuilder.build(AssertionFailureBuilder.java:151)
	at app//org.junit.jupiter.api.AssertionFailureBuilder.buildAndThrow(AssertionFailureBuilder.java:132)
	at app//org.junit.jupiter.api.AssertTrue.failNotTrue(AssertTrue.java:63)
	at app//org.junit.jupiter.api.AssertTrue.assertTrue(AssertTrue.java:36)
	at app//org.junit.jupiter.api.Assertions.assertTrue(Assertions.java:214)
	at app//dev.rubentxu.pipeline.v2.scripting.WithCredentialsCompileIntegrationTest.IT-002 multiple bindings in single withCredentials compile successfully(WithCredentialsCompileIntegrationTest.kt:82)
	at java.base@21.0.8/java.lang.reflect.Method.invoke(Method.java:580)
	at java.base@21.0.8/java.util.ArrayList.forEach(ArrayList.java:1596)
	at java.base@21.0.8/java.util.ArrayList.forEach(ArrayList.java:1596)
</failure>
  </testcase>
  <testcase name="IT-004 cache key is identical between two identical compilations()" classname="dev.rubentxu.pipeline.v2.scripting.WithCredentialsCompileIntegrationTest" time="0.277"/>
  <testcase name="IT-001 simple usernameColonPassword binding compiles and returns success()" classname="dev.rubentxu.pipeline.v2.scripting.WithCredentialsCompileIntegrationTest" time="0.123">
    <failure message="org.opentest4j.AssertionFailedError: Compilation should succeed. Diagnostics: [ScriptingDiagnostic(severity=ERROR, message=Unresolved reference 'withCredentials'., line=1, column=3, path=&lt;inline&gt;), ScriptingDiagnostic(severity=ERROR, message=Unresolved reference 'sh'., line=1, column=99, path=&lt;inline&gt;)] ==&gt; expected: &lt;true&gt; but was: &lt;false&gt;" type="org.opentest4j.AssertionFailedError">org.opentest4j.AssertionFailedError: Compilation should succeed. Diagnostics: [ScriptingDiagnostic(severity=ERROR, message=Unresolved reference 'withCredentials'., line=1, column=3, path=&lt;inline&gt;), ScriptingDiagnostic(severity=ERROR, message=Unresolved reference 'sh'., line=1, column=99, path=&lt;inline&gt;)] ==&gt; expected: &lt;true&gt; but was: &lt;false&gt;
	at app//org.junit.jupiter.api.AssertionFailureBuilder.build(AssertionFailureBuilder.java:151)
	at app//org.junit.jupiter.api.AssertionFailureBuilder.buildAndThrow(AssertionFailureBuilder.java:132)
	at app//org.junit.jupiter.api.AssertTrue.failNotTrue(AssertTrue.java:63)
	at app//org.junit.jupiter.api.AssertTrue.assertTrue(AssertTrue.java:36)
	at app//org.junit.jupiter.api.Assertions.assertTrue(Assertions.java:214)
	at app//dev.rubentxu.pipeline.v2.scripting.WithCredentialsCompileIntegrationTest.IT-001 simple usernameColonPassword binding compiles and returns success(WithCredentialsCompileIntegrationTest.kt:58)
	at java.base@21.0.8/java.lang.reflect.Method.invoke(Method.java:580)
	at java.base@21.0.8/java.util.ArrayList.forEach(ArrayList.java:1596)
	at java.base@21.0.8/java.util.ArrayList.forEach(ArrayList.java:1596)
</failure>
  </testcase>
  <system-out><![CDATA[]]></system-out>
  <system-err><![CDATA[]]></system-err>
</testsuite>
